TN:
SF:ormconfig.js
FN:1,Object.<anonymous>
FNF:1
FNH:1
FNDA:3,Object.<anonymous>
DA:1,3
DA:2,3
DA:3,3
DA:4,3
DA:5,3
DA:6,3
DA:7,3
DA:8,3
DA:9,3
DA:10,3
DA:11,3
DA:12,3
DA:13,3
DA:14,3
DA:15,3
DA:16,3
DA:17,3
DA:18,3
DA:19,3
DA:20,3
LF:20
LH:20
BRDA:1,0,0,3
BRDA:1,1,0,3
BRF:2
BRH:2
end_of_record
TN:
SF:src\database\migrations\1621296023473-CreateUsers.ts
FN:3,CreateUsers1621296023473
FN:4,Object.<anonymous>.CreateUsers1621296023473.up
FN:40,Object.<anonymous>.CreateUsers1621296023473.down
FNF:3
FNH:1
FNDA:3,CreateUsers1621296023473
FNDA:0,Object.<anonymous>.CreateUsers1621296023473.up
FNDA:0,Object.<anonymous>.CreateUsers1621296023473.down
DA:1,1
DA:2,1
DA:3,3
DA:4,3
DA:5,0
DA:6,0
DA:7,0
DA:8,0
DA:9,0
DA:10,0
DA:11,0
DA:12,0
DA:13,0
DA:14,0
DA:15,0
DA:16,0
DA:17,0
DA:18,0
DA:19,0
DA:20,0
DA:21,0
DA:22,0
DA:23,0
DA:24,0
DA:25,0
DA:26,0
DA:27,0
DA:28,0
DA:29,0
DA:30,0
DA:31,0
DA:32,0
DA:33,0
DA:34,0
DA:35,0
DA:36,0
DA:37,0
DA:38,0
DA:39,3
DA:40,3
DA:41,0
DA:42,0
DA:43,3
LF:43
LH:7
BRDA:3,0,0,3
BRDA:3,1,0,3
BRF:2
BRH:2
end_of_record
TN:
SF:src\database\migrations\1622474277554-CreatePets.ts
FN:3,CreatePets1622474277554
FN:4,Object.<anonymous>.CreatePets1622474277554.up
FN:48,Object.<anonymous>.CreatePets1622474277554.down
FNF:3
FNH:1
FNDA:3,CreatePets1622474277554
FNDA:0,Object.<anonymous>.CreatePets1622474277554.up
FNDA:0,Object.<anonymous>.CreatePets1622474277554.down
DA:1,1
DA:2,1
DA:3,3
DA:4,3
DA:5,0
DA:6,0
DA:7,0
DA:8,0
DA:9,0
DA:10,0
DA:11,0
DA:12,0
DA:13,0
DA:14,0
DA:15,0
DA:16,0
DA:17,0
DA:18,0
DA:19,0
DA:20,0
DA:21,0
DA:22,0
DA:23,0
DA:24,0
DA:25,0
DA:26,0
DA:27,0
DA:28,0
DA:29,0
DA:30,0
DA:31,0
DA:32,0
DA:33,0
DA:34,0
DA:35,0
DA:36,0
DA:37,0
DA:38,0
DA:39,0
DA:40,0
DA:41,0
DA:42,0
DA:43,0
DA:44,0
DA:45,0
DA:46,0
DA:47,3
DA:48,3
DA:49,0
DA:50,0
DA:51,3
LF:51
LH:7
BRDA:3,0,0,3
BRDA:3,1,0,3
BRF:2
BRH:2
end_of_record
TN:
SF:src\modules\Pets\model\Pets.ts
FN:31,Pets
FNF:1
FNH:1
FNDA:3,Pets
DA:1,1
DA:2,1
DA:3,1
DA:4,1
DA:5,1
DA:6,3
DA:7,3
DA:8,3
DA:9,3
DA:10,3
DA:11,3
DA:12,3
DA:13,3
DA:14,3
DA:15,3
DA:16,3
DA:17,3
DA:18,3
DA:19,3
DA:20,3
DA:21,3
DA:22,3
DA:23,3
DA:24,3
DA:25,3
DA:26,3
DA:27,3
DA:28,3
DA:29,3
DA:30,3
DA:31,3
DA:32,3
DA:33,3
DA:34,3
DA:35,3
DA:36,3
DA:37,1
DA:38,1
LF:38
LH:38
BRDA:6,0,0,3
BRDA:31,1,0,3
BRF:2
BRH:2
end_of_record
TN:
SF:src\modules\Pets\repositories\PetsRepositories.ts
FN:7,PetsRepository
FNF:1
FNH:1
FNDA:9,PetsRepository
DA:1,1
DA:2,1
DA:3,1
DA:4,1
DA:5,1
DA:6,1
DA:7,9
DA:8,1
DA:9,1
LF:9
LH:9
BRDA:7,0,0,3
BRDA:7,1,0,9
BRF:2
BRH:2
end_of_record
TN:
SF:src\modules\Pets\services\CreatePetService.ts
FN:15,CreatePetService
FN:16,Object.<anonymous>.CreatePetService.execute
FNF:2
FNH:2
FNDA:3,CreatePetService
FNDA:3,Object.<anonymous>.CreatePetService.execute
DA:1,1
DA:2,1
DA:3,1
DA:4,1
DA:5,1
DA:6,1
DA:7,1
DA:8,1
DA:9,1
DA:10,1
DA:11,1
DA:12,1
DA:13,1
DA:14,1
DA:15,3
DA:16,3
DA:17,3
DA:18,3
DA:19,3
DA:20,3
DA:21,3
DA:22,3
DA:23,3
DA:24,3
DA:25,3
DA:26,3
DA:27,3
DA:28,3
DA:29,3
DA:30,3
DA:31,3
DA:32,3
DA:33,3
DA:34,3
DA:35,3
DA:36,3
DA:37,3
DA:38,3
DA:39,3
DA:40,1
DA:41,1
LF:41
LH:41
BRDA:15,0,0,3
BRDA:15,1,0,3
BRDA:16,2,0,3
BRF:3
BRH:3
end_of_record
TN:
SF:src\modules\Pets\services\DeletePetService.ts
FN:10,DeletePetService
FN:11,Object.<anonymous>.DeletePetService.execute
FNF:2
FNH:2
FNDA:2,DeletePetService
FNDA:2,Object.<anonymous>.DeletePetService.execute
DA:1,1
DA:2,1
DA:3,1
DA:4,1
DA:5,1
DA:6,1
DA:7,1
DA:8,1
DA:9,1
DA:10,2
DA:11,2
DA:12,2
DA:13,2
DA:14,2
DA:15,2
DA:16,2
DA:17,2
DA:18,2
DA:19,1
DA:20,1
DA:21,1
DA:22,1
DA:23,2
DA:24,2
DA:25,1
DA:26,1
LF:26
LH:26
BRDA:10,0,0,1
BRDA:10,1,0,2
BRDA:11,2,0,2
BRDA:18,3,0,1
BRF:4
BRH:4
end_of_record
TN:
SF:src\modules\Pets\services\ListPetByClassService.ts
FN:10,ListPetByClassService
FN:11,Object.<anonymous>.ListPetByClassService.execute
FNF:2
FNH:2
FNDA:2,ListPetByClassService
FNDA:2,Object.<anonymous>.ListPetByClassService.execute
DA:1,1
DA:2,1
DA:3,1
DA:4,1
DA:5,1
DA:6,1
DA:7,1
DA:8,1
DA:9,1
DA:10,2
DA:11,2
DA:12,2
DA:13,2
DA:14,2
DA:15,2
DA:16,2
DA:17,1
DA:18,1
DA:19,1
DA:20,1
DA:21,2
DA:22,2
DA:23,1
DA:24,1
LF:24
LH:24
BRDA:10,0,0,1
BRDA:10,1,0,2
BRDA:11,2,0,2
BRDA:16,3,0,1
BRF:4
BRH:4
end_of_record
TN:
SF:src\modules\Pets\services\ListPetByIdService.ts
FN:10,ListPetByIdService
FN:11,Object.<anonymous>.ListPetByIdService.execute
FNF:2
FNH:2
FNDA:3,ListPetByIdService
FNDA:3,Object.<anonymous>.ListPetByIdService.execute
DA:1,1
DA:2,1
DA:3,1
DA:4,1
DA:5,1
DA:6,1
DA:7,1
DA:8,1
DA:9,1
DA:10,3
DA:11,3
DA:12,3
DA:13,3
DA:14,3
DA:15,3
DA:16,3
DA:17,3
DA:18,3
DA:19,1
DA:20,1
DA:21,1
DA:22,1
DA:23,3
DA:24,3
DA:25,1
DA:26,1
LF:26
LH:26
BRDA:10,0,0,2
BRDA:10,1,0,3
BRDA:11,2,0,3
BRDA:18,3,0,1
BRF:4
BRH:4
end_of_record
TN:
SF:src\modules\Pets\services\ListPetByIdadeService.ts
FN:10,ListPetByIdadeService
FN:11,Object.<anonymous>.ListPetByIdadeService.execute
FNF:2
FNH:2
FNDA:2,ListPetByIdadeService
FNDA:2,Object.<anonymous>.ListPetByIdadeService.execute
DA:1,1
DA:2,1
DA:3,1
DA:4,1
DA:5,1
DA:6,1
DA:7,1
DA:8,1
DA:9,1
DA:10,2
DA:11,2
DA:12,2
DA:13,2
DA:14,2
DA:15,2
DA:16,2
DA:17,1
DA:18,1
DA:19,1
DA:20,1
DA:21,2
DA:22,2
DA:23,1
DA:24,1
LF:24
LH:24
BRDA:10,0,0,1
BRDA:10,1,0,2
BRDA:11,2,0,2
BRDA:16,3,0,1
BRF:4
BRH:4
end_of_record
TN:
SF:src\modules\Pets\services\ListPetByRacaService.ts
FN:10,ListPetByRacaService
FN:11,Object.<anonymous>.ListPetByRacaService.execute
FNF:2
FNH:2
FNDA:2,ListPetByRacaService
FNDA:2,Object.<anonymous>.ListPetByRacaService.execute
DA:1,1
DA:2,1
DA:3,1
DA:4,1
DA:5,1
DA:6,1
DA:7,1
DA:8,1
DA:9,1
DA:10,2
DA:11,2
DA:12,2
DA:13,2
DA:14,2
DA:15,2
DA:16,2
DA:17,1
DA:18,1
DA:19,1
DA:20,1
DA:21,2
DA:22,2
DA:23,1
DA:24,1
LF:24
LH:24
BRDA:10,0,0,1
BRDA:10,1,0,2
BRDA:11,2,0,2
BRDA:16,3,0,1
BRF:4
BRH:4
end_of_record
TN:
SF:src\modules\Pets\services\ListPetByStatusService.ts
FN:10,ListPetByStatusService
FN:11,Object.<anonymous>.ListPetByStatusService.execute
FNF:2
FNH:2
FNDA:1,ListPetByStatusService
FNDA:1,Object.<anonymous>.ListPetByStatusService.execute
DA:1,1
DA:2,1
DA:3,1
DA:4,1
DA:5,1
DA:6,1
DA:7,1
DA:8,1
DA:9,1
DA:10,1
DA:11,1
DA:12,1
DA:13,1
DA:14,1
DA:15,1
DA:16,1
DA:17,0
DA:18,0
DA:19,1
DA:20,1
DA:21,1
DA:22,1
DA:23,1
DA:24,1
LF:24
LH:22
BRDA:10,0,0,1
BRDA:10,1,0,1
BRDA:11,2,0,1
BRDA:16,3,0,0
BRF:4
BRH:3
end_of_record
TN:
SF:src\modules\Users\model\Users.ts
FN:25,Users
FNF:1
FNH:1
FNDA:10,Users
DA:1,1
DA:2,1
DA:3,1
DA:4,1
DA:5,1
DA:6,3
DA:7,3
DA:8,3
DA:9,3
DA:10,3
DA:11,3
DA:12,3
DA:13,3
DA:14,3
DA:15,3
DA:16,3
DA:17,3
DA:18,3
DA:19,3
DA:20,3
DA:21,3
DA:22,3
DA:23,3
DA:24,3
DA:25,3
DA:26,10
DA:27,10
DA:28,10
DA:29,10
DA:30,3
DA:31,1
DA:32,1
LF:32
LH:32
BRDA:6,0,0,3
BRDA:25,1,0,10
BRF:2
BRH:2
end_of_record
TN:
SF:src\modules\Users\repositories\UserRepository.ts
FN:7,UserRepository
FNF:1
FNH:1
FNDA:10,UserRepository
DA:1,1
DA:2,1
DA:3,1
DA:4,1
DA:5,1
DA:6,1
DA:7,10
DA:8,1
DA:9,1
LF:9
LH:9
BRDA:7,0,0,3
BRDA:7,1,0,10
BRF:2
BRH:2
end_of_record
TN:
SF:src\modules\Users\services\AuthenticateUserService.ts
FN:13,AuthenticateUserService
FN:14,Object.<anonymous>.AuthenticateUserService.execute
FNF:2
FNH:2
FNDA:3,AuthenticateUserService
FNDA:3,Object.<anonymous>.AuthenticateUserService.execute
DA:1,1
DA:2,1
DA:3,1
DA:4,1
DA:5,1
DA:6,1
DA:7,1
DA:8,1
DA:9,1
DA:10,1
DA:11,1
DA:12,1
DA:13,3
DA:14,3
DA:15,3
DA:16,3
DA:17,3
DA:18,3
DA:19,3
DA:20,1
DA:21,1
DA:22,2
DA:23,3
DA:24,3
DA:25,1
DA:26,1
DA:27,1
DA:28,1
DA:29,1
DA:30,3
DA:31,3
DA:32,3
DA:33,3
DA:34,3
DA:35,3
DA:36,3
DA:37,3
DA:38,3
DA:39,1
DA:40,1
LF:40
LH:40
BRDA:13,0,0,1
BRDA:13,1,0,3
BRDA:14,2,0,3
BRDA:19,3,0,1
BRDA:22,4,0,2
BRDA:24,5,0,1
BRDA:30,6,0,0
BRF:7
BRH:6
end_of_record
TN:
SF:src\modules\Users\services\CreateUserService.ts
FN:16,CreateUserService
FN:17,Object.<anonymous>.CreateUserService.execute
FNF:2
FNH:2
FNDA:4,CreateUserService
FNDA:5,Object.<anonymous>.CreateUserService.execute
DA:1,1
DA:2,1
DA:3,1
DA:4,1
DA:5,1
DA:6,1
DA:7,1
DA:8,1
DA:9,1
DA:10,1
DA:11,1
DA:12,1
DA:13,1
DA:14,1
DA:15,1
DA:16,4
DA:17,4
DA:18,5
DA:19,5
DA:20,5
DA:21,5
DA:22,5
DA:23,5
DA:24,5
DA:25,5
DA:26,5
DA:27,5
DA:28,5
DA:29,5
DA:30,1
DA:31,1
DA:32,4
DA:33,4
DA:34,4
DA:35,4
DA:36,4
DA:37,4
DA:38,4
DA:39,4
DA:40,4
DA:41,4
DA:42,5
DA:43,5
DA:44,5
DA:45,4
DA:46,1
DA:47,1
LF:47
LH:47
BRDA:16,0,0,3
BRDA:16,1,0,4
BRDA:17,2,0,5
BRDA:29,3,0,1
BRDA:32,4,0,4
BRF:5
BRH:5
end_of_record
TN:
SF:src\modules\Users\services\DeleteUserService.ts
FN:10,DeleteUserService
FN:11,Object.<anonymous>.DeleteUserService.execute
FNF:2
FNH:2
FNDA:2,DeleteUserService
FNDA:2,Object.<anonymous>.DeleteUserService.execute
DA:1,1
DA:2,1
DA:3,1
DA:4,1
DA:5,1
DA:6,1
DA:7,1
DA:8,1
DA:9,1
DA:10,2
DA:11,2
DA:12,2
DA:13,2
DA:14,2
DA:15,2
DA:16,2
DA:17,2
DA:18,2
DA:19,1
DA:20,1
DA:21,1
DA:22,1
DA:23,2
DA:24,2
DA:25,1
DA:26,1
LF:26
LH:26
BRDA:10,0,0,1
BRDA:10,1,0,2
BRDA:11,2,0,2
BRDA:18,3,0,1
BRF:4
BRH:4
end_of_record
TN:
SF:src\modules\Users\services\ShowUserByEmailService.ts
FN:10,ShowUserByEmailService
FN:11,Object.<anonymous>.ShowUserByEmailService.execute
FNF:2
FNH:2
FNDA:3,ShowUserByEmailService
FNDA:3,Object.<anonymous>.ShowUserByEmailService.execute
DA:1,1
DA:2,1
DA:3,1
DA:4,1
DA:5,1
DA:6,1
DA:7,1
DA:8,1
DA:9,1
DA:10,3
DA:11,3
DA:12,3
DA:13,3
DA:14,3
DA:15,3
DA:16,3
DA:17,3
DA:18,3
DA:19,2
DA:20,2
DA:21,1
DA:22,1
DA:23,3
DA:24,3
DA:25,1
DA:26,1
LF:26
LH:26
BRDA:10,0,0,2
BRDA:10,1,0,3
BRDA:11,2,0,3
BRDA:18,3,0,2
BRDA:21,4,0,1
BRF:5
BRH:5
end_of_record
TN:
SF:src\modules\Users\services\UpdateUserService.ts
FN:15,UpdateUserService
FN:16,Object.<anonymous>.UpdateUserService.execute
FNF:2
FNH:2
FNDA:2,UpdateUserService
FNDA:2,Object.<anonymous>.UpdateUserService.execute
DA:1,1
DA:2,1
DA:3,1
DA:4,1
DA:5,1
DA:6,1
DA:7,1
DA:8,1
DA:9,1
DA:10,1
DA:11,1
DA:12,1
DA:13,1
DA:14,1
DA:15,2
DA:16,2
DA:17,2
DA:18,2
DA:19,2
DA:20,2
DA:21,2
DA:22,2
DA:23,2
DA:24,2
DA:25,2
DA:26,2
DA:27,2
DA:28,2
DA:29,2
DA:30,2
DA:31,1
DA:32,1
DA:33,1
DA:34,1
DA:35,1
DA:36,1
DA:37,1
DA:38,1
DA:39,1
DA:40,1
DA:41,1
DA:42,1
DA:43,1
DA:44,1
DA:45,2
DA:46,2
DA:47,2
DA:48,2
DA:49,1
DA:50,1
LF:50
LH:50
BRDA:15,0,0,1
BRDA:15,1,0,2
BRDA:16,2,0,2
BRDA:30,3,0,1
BRF:4
BRH:4
end_of_record
TN:
SF:src\utils\AppError.ts
FN:5,AppError
FNF:1
FNH:1
FNDA:4,AppError
DA:1,3
DA:2,3
DA:3,3
DA:4,3
DA:5,3
DA:6,4
DA:7,4
DA:8,4
DA:9,3
LF:9
LH:9
BRDA:1,0,0,3
BRDA:5,1,0,4
BRF:2
BRH:2
end_of_record
